<?xml version="1.0" encoding="UTF-8"?>
<testng-results ignored="0" total="1" passed="0" failed="1" skipped="0">
  <reporter-output>
  </reporter-output>
  <suite started-at="2020-11-15T22:30:53 CET" name="Zestaw testów allegro wyszukujących przedmiot" finished-at="2020-11-15T22:31:17 CET" duration-ms="23808">
    <groups>
    </groups>
    <test started-at="2020-11-15T22:30:53 CET" name="Testy wyszukiwania E2E - chrome" finished-at="2020-11-15T22:31:17 CET" duration-ms="23808">
      <class name="Tests.AllegroTest.AllegroSearchTest">
        <test-method signature="searchItem(java.lang.String, java.lang.String, java.lang.String, java.lang.String)[pri:0, instance:Tests.AllegroTest.AllegroSearchTest@7d20d0b]" started-at="2020-11-15T22:30:53 CET" name="searchItem" finished-at="2020-11-15T22:31:17 CET" duration-ms="23747" status="FAIL">
          <params>
            <param index="0">
              <value>
                <![CDATA[kalosze]]>
              </value>
            </param>
            <param index="1">
              <value>
                <![CDATA[chrome]]>
              </value>
            </param>
            <param index="2">
              <value>
                <![CDATA[100]]>
              </value>
            </param>
            <param index="3">
              <value>
                <![CDATA[200]]>
              </value>
            </param>
          </params>
          <exception class="org.openqa.selenium.NoSuchSessionException">
            <message>
              <![CDATA[Session ID is null. Using WebDriver after calling quit()?
Build info: version: '3.141.59', revision: 'e82be7d358', time: '2018-11-14T08:17:03'
System info: host: 'DESKTOP-8C50GRG', ip: '192.168.0.100', os.name: 'Windows 10', os.arch: 'amd64', os.version: '10.0', java.version: '11.0.9'
Driver info: driver.version: RemoteWebDriver]]>
            </message>
            <full-stacktrace>
              <![CDATA[org.openqa.selenium.NoSuchSessionException: Session ID is null. Using WebDriver after calling quit()?
Build info: version: '3.141.59', revision: 'e82be7d358', time: '2018-11-14T08:17:03'
System info: host: 'DESKTOP-8C50GRG', ip: '192.168.0.100', os.name: 'Windows 10', os.arch: 'amd64', os.version: '10.0', java.version: '11.0.9'
Driver info: driver.version: RemoteWebDriver
at org.openqa.selenium.remote.HttpCommandExecutor.execute(HttpCommandExecutor.java:125)
at org.openqa.selenium.remote.service.DriverCommandExecutor.execute(DriverCommandExecutor.java:83)
at org.openqa.selenium.remote.RemoteWebDriver.execute(RemoteWebDriver.java:552)
at org.openqa.selenium.remote.RemoteWebDriver.execute(RemoteWebDriver.java:609)
at org.openqa.selenium.remote.RemoteWebDriver.close(RemoteWebDriver.java:442)
at Tests.BaseTest.BaseTest.zamknijPrzegladarke(BaseTest.java:32)
at Tests.AllegroTest.AllegroSearchTest.searchItem(AllegroSearchTest.java:35)
at java.base/jdk.internal.reflect.NativeMethodAccessorImpl.invoke0(Native Method)
at java.base/jdk.internal.reflect.NativeMethodAccessorImpl.invoke(NativeMethodAccessorImpl.java:62)
at java.base/jdk.internal.reflect.DelegatingMethodAccessorImpl.invoke(DelegatingMethodAccessorImpl.java:43)
at java.base/java.lang.reflect.Method.invoke(Method.java:566)
at org.testng.internal.MethodInvocationHelper.invokeMethod(MethodInvocationHelper.java:134)
at org.testng.internal.TestInvoker.invokeMethod(TestInvoker.java:597)
at org.testng.internal.TestInvoker.invokeTestMethod(TestInvoker.java:173)
at org.testng.internal.MethodRunner.runInSequence(MethodRunner.java:46)
at org.testng.internal.TestInvoker$MethodInvocationAgent.invoke(TestInvoker.java:816)
at org.testng.internal.TestInvoker.invokeTestMethods(TestInvoker.java:146)
at org.testng.internal.TestMethodWorker.invokeTestMethods(TestMethodWorker.java:146)
at org.testng.internal.TestMethodWorker.run(TestMethodWorker.java:128)
at java.base/java.util.ArrayList.forEach(ArrayList.java:1541)
at org.testng.TestRunner.privateRun(TestRunner.java:766)
at org.testng.TestRunner.run(TestRunner.java:587)
at org.testng.SuiteRunner.runTest(SuiteRunner.java:384)
at org.testng.SuiteRunner.runSequentially(SuiteRunner.java:378)
at org.testng.SuiteRunner.privateRun(SuiteRunner.java:337)
at org.testng.SuiteRunner.run(SuiteRunner.java:286)
at org.testng.SuiteRunnerWorker.runSuite(SuiteRunnerWorker.java:53)
at org.testng.SuiteRunnerWorker.run(SuiteRunnerWorker.java:96)
at org.testng.TestNG.runSuitesSequentially(TestNG.java:1187)
at org.testng.TestNG.runSuitesLocally(TestNG.java:1109)
at org.testng.TestNG.runSuites(TestNG.java:1039)
at org.testng.TestNG.run(TestNG.java:1007)
at org.apache.maven.surefire.testng.TestNGExecutor.run(TestNGExecutor.java:283)
at org.apache.maven.surefire.testng.TestNGXmlTestSuite.execute(TestNGXmlTestSuite.java:75)
at org.apache.maven.surefire.testng.TestNGProvider.invoke(TestNGProvider.java:120)
at org.apache.maven.surefire.booter.ForkedBooter.invokeProviderInSameClassLoader(ForkedBooter.java:384)
at org.apache.maven.surefire.booter.ForkedBooter.runSuitesInProcess(ForkedBooter.java:345)
at org.apache.maven.surefire.booter.ForkedBooter.execute(ForkedBooter.java:126)
at org.apache.maven.surefire.booter.ForkedBooter.main(ForkedBooter.java:418)
]]>
            </full-stacktrace>
          </exception> <!-- org.openqa.selenium.NoSuchSessionException -->
          <reporter-output>
          </reporter-output>
        </test-method> <!-- searchItem -->
      </class> <!-- Tests.AllegroTest.AllegroSearchTest -->
    </test> <!-- Testy wyszukiwania E2E - chrome -->
  </suite> <!-- Zestaw testów allegro wyszukujących przedmiot -->
</testng-results>
